<?xml version="1.0" encoding="UTF-8"?>
<!-- Generated by org.testng.reporters.JUnitXMLReporter -->
<testsuite ignored="6" hostname="LAPTOP-A213EPC7" failures="0" tests="6" name="Test" time="0.032" errors="0" timestamp="2022-11-26T10:01:58 IST">
  <testcase classname="com.Actitime.testscripts.createCustomer1" name="addCustomer" time="0.005"/>
  <testcase classname="com.Actitime.testscripts.createCustomer1" name="editCustomer" time="0.0"/>
  <testcase classname="com.Actitime.testscripts.kalyan" name="editCustomer" time="0.001"/>
  <testcase classname="com.Actitime.testscripts.kalyan" name="ganeshGhat" time="0.001"/>
  <testcase classname="com.Actitime.testscripts.Thane" name="editCustomer" time="0.0"/>
  <testcase classname="com.Actitime.testscripts.Thane" name="upvan" time="0.0"/>
  <testcase classname="com.Actitime.testscripts.Thane" name="makhmali" time="0.0">
    <ignored/>
  </testcase> <!-- makhmali -->
  <testcase classname="com.Actitime.testscripts.createCustomer1" name="modifyCustomer" time="0.0">
    <ignored/>
  </testcase> <!-- modifyCustomer -->
  <testcase classname="com.Actitime.testscripts.Thane" name="talaopali" time="0.0">
    <ignored/>
  </testcase> <!-- talaopali -->
  <testcase classname="com.Actitime.testscripts.kalyan" name="hanumantekdi" time="0.0">
    <ignored/>
  </testcase> <!-- hanumantekdi -->
  <testcase classname="com.Actitime.testscripts.kalyan" name="kalaTalao" time="0.0">
    <ignored/>
  </testcase> <!-- kalaTalao -->
  <testcase classname="com.Actitime.testscripts.createCustomer1" name="deleteCustomer" time="0.0">
    <ignored/>
  </testcase> <!-- deleteCustomer -->
</testsuite> <!-- Test -->
